\BOOKMARK [1][-]{section.1}{\376\377\000E\000x\000e\000c\000u\000t\000i\000v\000e\000\040\000S\000u\000m\000m\000a\000r\000y}{}% 1
\BOOKMARK [2][-]{subsection.1.1}{\376\377\000D\000e\000s\000i\000g\000n\000\040\000B\000a\000s\000i\000s}{section.1}% 2
\BOOKMARK [2][-]{subsection.1.2}{\376\377\000T\000e\000c\000h\000n\000o\000l\000o\000g\000y\000\040\000C\000o\000m\000p\000a\000r\000i\000s\000o\000n}{section.1}% 3
\BOOKMARK [2][-]{subsection.1.3}{\376\377\000E\000c\000o\000n\000o\000m\000i\000c\000\040\000A\000s\000s\000e\000s\000s\000m\000e\000n\000t}{section.1}% 4
\BOOKMARK [2][-]{subsection.1.4}{\376\377\000T\000e\000c\000h\000n\000o\000l\000o\000g\000y\000\040\000R\000e\000c\000o\000m\000m\000e\000n\000d\000a\000t\000i\000o\000n}{section.1}% 5
\BOOKMARK [2][-]{subsection.1.5}{\376\377\000C\000r\000i\000t\000i\000c\000a\000l\000\040\000U\000n\000c\000e\000r\000t\000a\000i\000n\000t\000i\000e\000s}{section.1}% 6
\BOOKMARK [2][-]{subsection.1.6}{\376\377\000R\000e\000c\000o\000m\000m\000e\000n\000d\000e\000d\000\040\000N\000e\000x\000t\000\040\000S\000t\000e\000p\000s}{section.1}% 7
\BOOKMARK [1][-]{section.2}{\376\377\000I\000n\000t\000r\000o\000d\000u\000c\000t\000i\000o\000n\000\040\000a\000n\000d\000\040\000D\000e\000s\000i\000g\000n\000\040\000B\000a\000s\000i\000s}{}% 8
\BOOKMARK [2][-]{subsection.2.1}{\376\377\000P\000r\000o\000b\000l\000e\000m\000\040\000D\000e\000f\000i\000n\000i\000t\000i\000o\000n}{section.2}% 9
\BOOKMARK [2][-]{subsection.2.2}{\376\377\000S\000t\000u\000d\000y\000\040\000S\000c\000o\000p\000e}{section.2}% 10
\BOOKMARK [2][-]{subsection.2.3}{\376\377\000D\000e\000s\000i\000g\000n\000\040\000B\000a\000s\000i\000s}{section.2}% 11
\BOOKMARK [2][-]{subsection.2.4}{\376\377\000T\000e\000c\000h\000n\000o\000l\000o\000g\000y\000\040\000S\000c\000r\000e\000e\000n\000i\000n\000g\000\040\000S\000u\000m\000m\000a\000r\000y}{section.2}% 12
\BOOKMARK [2][-]{subsection.2.5}{\376\377\000D\000e\000c\000i\000s\000i\000o\000n\000\040\000C\000r\000i\000t\000e\000r\000i\000a}{section.2}% 13
\BOOKMARK [1][-]{section.3}{\376\377\000T\000e\000c\000h\000n\000o\000l\000o\000g\000y\000\040\000O\000p\000t\000i\000o\000n\000s\000\040\000A\000n\000a\000l\000y\000s\000i\000s}{}% 14
\BOOKMARK [2][-]{subsection.3.1}{\376\377\000M\000a\000s\000s\000\040\000T\000r\000a\000n\000s\000f\000e\000r\000\040\000F\000u\000n\000d\000a\000m\000e\000n\000t\000a\000l\000s}{section.3}% 15
\BOOKMARK [3][-]{subsubsection.3.1.1}{\376\377\000K\000i\000n\000e\000t\000i\000c\000\040\000R\000a\000t\000e\000\040\000C\000o\000n\000s\000t\000a\000n\000t\000s}{subsection.3.1}% 16
\BOOKMARK [3][-]{subsubsection.3.1.2}{\376\377\000T\000h\000e\000\040\000D\000a\000m\000k\000\366\000h\000l\000e\000r\000\040\000F\000r\000a\000m\000e\000w\000o\000r\000k\000\040\000f\000o\000r\000\040\000S\000e\000l\000e\000c\000t\000i\000v\000i\000t\000y}{subsection.3.1}% 17
\BOOKMARK [2][-]{subsection.3.2}{\376\377\000P\000a\000c\000k\000e\000d\000\040\000C\000o\000l\000u\000m\000n\000\040\000S\000c\000r\000u\000b\000b\000e\000r}{section.3}% 18
\BOOKMARK [3][-]{subsubsection.3.2.1}{\376\377\000O\000p\000e\000r\000a\000t\000i\000n\000g\000\040\000P\000r\000i\000n\000c\000i\000p\000l\000e}{subsection.3.2}% 19
\BOOKMARK [3][-]{subsubsection.3.2.2}{\376\377\000C\000o\000l\000u\000m\000n\000\040\000S\000i\000z\000i\000n\000g\000\040\000f\000o\000r\000\040\0006\0006\0000\000,\0000\0000\0000\000\040\000S\000C\000F\000D}{subsection.3.2}% 20
\BOOKMARK [3][-]{subsubsection.3.2.3}{\376\377\000C\000a\000u\000s\000t\000i\000c\000\040\000C\000o\000n\000s\000u\000m\000p\000t\000i\000o\000n\000\040\000A\000n\000a\000l\000y\000s\000i\000s}{subsection.3.2}% 21
\BOOKMARK [3][-]{subsubsection.3.2.4}{\376\377\000E\000c\000o\000n\000o\000m\000i\000c\000\040\000R\000e\000a\000l\000i\000t\000y\000\040\000C\000h\000e\000c\000k}{subsection.3.2}% 22
\BOOKMARK [2][-]{subsection.3.3}{\376\377\000S\000h\000o\000r\000t\000\040\000C\000o\000n\000t\000a\000c\000t\000\040\000T\000i\000m\000e\000\040\000\050\000S\000C\000T\000\051\000\040\000S\000t\000a\000t\000i\000c\000\040\000M\000i\000x\000e\000r\000\040\000S\000c\000r\000u\000b\000b\000e\000r}{section.3}% 23
\BOOKMARK [3][-]{subsubsection.3.3.1}{\376\377\000O\000p\000e\000r\000a\000t\000i\000n\000g\000\040\000P\000r\000i\000n\000c\000i\000p\000l\000e}{subsection.3.3}% 24
\BOOKMARK [3][-]{subsubsection.3.3.2}{\376\377\000S\000t\000a\000t\000i\000c\000\040\000M\000i\000x\000e\000r\000\040\000C\000o\000n\000f\000i\000g\000u\000r\000a\000t\000i\000o\000n}{subsection.3.3}% 25
\BOOKMARK [3][-]{subsubsection.3.3.3}{\376\377\000C\000a\000u\000s\000t\000i\000c\000\040\000C\000o\000n\000s\000u\000m\000p\000t\000i\000o\000n\000\040\000A\000n\000a\000l\000y\000s\000i\000s}{subsection.3.3}% 26
\BOOKMARK [2][-]{subsection.3.4}{\376\377\000C\000o\000m\000p\000a\000r\000a\000t\000i\000v\000e\000\040\000E\000v\000a\000l\000u\000a\000t\000i\000o\000n\000:\000\040\000T\000h\000e\000\040\000S\000e\000l\000e\000c\000t\000i\000v\000i\000t\000y\000\040\000I\000m\000p\000e\000r\000a\000t\000i\000v\000e}{section.3}% 27
\BOOKMARK [3][-]{subsubsection.3.4.1}{\376\377\000E\000c\000o\000n\000o\000m\000i\000c\000\040\000C\000o\000m\000p\000a\000r\000i\000s\000o\000n}{subsection.3.4}% 28
\BOOKMARK [3][-]{subsubsection.3.4.2}{\376\377\000S\000e\000l\000e\000c\000t\000i\000v\000i\000t\000y\000\040\000V\000i\000s\000u\000a\000l\000i\000s\000a\000t\000i\000o\000n}{subsection.3.4}% 29
\BOOKMARK [3][-]{subsubsection.3.4.3}{\376\377\000S\000e\000l\000e\000c\000t\000i\000o\000n\000\040\000R\000e\000c\000o\000m\000m\000e\000n\000d\000a\000t\000i\000o\000n}{subsection.3.4}% 30
\BOOKMARK [1][-]{section.4}{\376\377\000S\000p\000e\000n\000t\000\040\000C\000a\000u\000s\000t\000i\000c\000\040\000T\000r\000e\000a\000t\000m\000e\000n\000t}{}% 31
\BOOKMARK [2][-]{subsection.4.1}{\376\377\000P\000r\000o\000c\000e\000s\000s\000\040\000R\000e\000q\000u\000i\000r\000e\000m\000e\000n\000t}{section.4}% 32
\BOOKMARK [2][-]{subsection.4.2}{\376\377\000D\000e\000s\000i\000g\000n\000\040\000B\000a\000s\000i\000s\000\040\000a\000t\000\040\0006\0006\0000\000,\0000\0000\0000\000\040\000S\000C\000F\000D\000\040\000S\000c\000a\000l\000e}{section.4}% 33
\BOOKMARK [2][-]{subsection.4.3}{\376\377\000M\000B\000B\000R\000\040\000C\000o\000n\000f\000i\000g\000u\000r\000a\000t\000i\000o\000n}{section.4}% 34
\BOOKMARK [3][-]{subsubsection.4.3.1}{\376\377\000P\000r\000o\000c\000e\000s\000s\000\040\000M\000i\000c\000r\000o\000b\000i\000o\000l\000o\000g\000y}{subsection.4.3}% 35
\BOOKMARK [3][-]{subsubsection.4.3.2}{\376\377\000P\000r\000e\000l\000i\000m\000i\000n\000a\000r\000y\000\040\000S\000i\000z\000i\000n\000g}{subsection.4.3}% 36
\BOOKMARK [3][-]{subsubsection.4.3.3}{\376\377\000A\000l\000k\000a\000l\000i\000n\000i\000t\000y\000\040\000R\000e\000c\000o\000v\000e\000r\000y}{subsection.4.3}% 37
\BOOKMARK [2][-]{subsection.4.4}{\376\377\000A\000l\000t\000e\000r\000n\000a\000t\000i\000v\000e\000:\000\040\000C\000h\000e\000m\000i\000c\000a\000l\000\040\000O\000x\000i\000d\000a\000t\000i\000o\000n}{section.4}% 38
\BOOKMARK [2][-]{subsection.4.5}{\376\377\000F\000u\000r\000t\000h\000e\000r\000\040\000S\000t\000u\000d\000y\000\040\000R\000e\000q\000u\000i\000r\000e\000d}{section.4}% 39
\BOOKMARK [1][-]{section.5}{\376\377\000E\000c\000o\000n\000o\000m\000i\000c\000\040\000E\000v\000a\000l\000u\000a\000t\000i\000o\000n}{}% 40
\BOOKMARK [2][-]{subsection.5.1}{\376\377\000E\000c\000o\000n\000o\000m\000i\000c\000\040\000F\000r\000a\000m\000e\000w\000o\000r\000k}{section.5}% 41
\BOOKMARK [3][-]{subsubsection.5.1.1}{\376\377\000F\000i\000x\000e\000d\000\040\000B\000e\000n\000e\000f\000i\000t}{subsection.5.1}% 42
\BOOKMARK [3][-]{subsubsection.5.1.2}{\376\377\000V\000a\000r\000i\000a\000b\000l\000e\000\040\000C\000o\000s\000t\000s}{subsection.5.1}% 43
\BOOKMARK [2][-]{subsection.5.2}{\376\377\000O\000p\000e\000r\000a\000t\000i\000n\000g\000\040\000C\000o\000s\000t\000\040\000C\000o\000m\000p\000a\000r\000i\000s\000o\000n}{section.5}% 44
\BOOKMARK [3][-]{subsubsection.5.2.1}{\376\377\000N\000e\000t\000\040\000A\000n\000n\000u\000a\000l\000\040\000B\000e\000n\000e\000f\000i\000t}{subsection.5.2}% 45
\BOOKMARK [2][-]{subsection.5.3}{\376\377\000C\000a\000p\000i\000t\000a\000l\000\040\000C\000o\000s\000t\000\040\000E\000s\000t\000i\000m\000a\000t\000e\000s}{section.5}% 46
\BOOKMARK [2][-]{subsection.5.4}{\376\377\000E\000c\000o\000n\000o\000m\000i\000c\000\040\000P\000e\000r\000f\000o\000r\000m\000a\000n\000c\000e\000\040\000I\000n\000d\000i\000c\000a\000t\000o\000r\000s}{section.5}% 47
\BOOKMARK [2][-]{subsection.5.5}{\376\377\000S\000e\000n\000s\000i\000t\000i\000v\000i\000t\000y\000\040\000A\000n\000a\000l\000y\000s\000i\000s}{section.5}% 48
\BOOKMARK [3][-]{subsubsection.5.5.1}{\376\377\000P\000a\000r\000a\000m\000e\000t\000r\000i\000c\000\040\000S\000e\000n\000s\000i\000t\000i\000v\000i\000t\000y}{subsection.5.5}% 49
\BOOKMARK [3][-]{subsubsection.5.5.2}{\376\377\000S\000e\000l\000e\000c\000t\000i\000v\000i\000t\000y\000\040\000T\000h\000r\000e\000s\000h\000o\000l\000d\000\040\000A\000n\000a\000l\000y\000s\000i\000s}{subsection.5.5}% 50
\BOOKMARK [2][-]{subsection.5.6}{\376\377\000R\000i\000s\000k\000-\000A\000d\000j\000u\000s\000t\000e\000d\000\040\000R\000e\000c\000o\000m\000m\000e\000n\000d\000a\000t\000i\000o\000n}{section.5}% 51
\BOOKMARK [2][-]{subsection.5.7}{\376\377\000V\000a\000l\000i\000d\000a\000t\000i\000o\000n\000\040\000R\000e\000q\000u\000i\000r\000e\000m\000e\000n\000t\000s}{section.5}% 52
\BOOKMARK [1][-]{section.6}{\376\377\000R\000i\000s\000k\000\040\000A\000s\000s\000e\000s\000s\000m\000e\000n\000t}{}% 53
\BOOKMARK [2][-]{subsection.6.1}{\376\377\000K\000e\000y\000\040\000T\000e\000c\000h\000n\000i\000c\000a\000l\000\040\000R\000i\000s\000k\000s}{section.6}% 54
\BOOKMARK [2][-]{subsection.6.2}{\376\377\000H\000S\000E\000\040\000C\000o\000n\000s\000i\000d\000e\000r\000a\000t\000i\000o\000n\000s}{section.6}% 55
\BOOKMARK [2][-]{subsection.6.3}{\376\377\000R\000i\000s\000k\000\040\000C\000l\000o\000s\000u\000r\000e\000\040\000R\000e\000q\000u\000i\000r\000e\000m\000e\000n\000t\000s}{section.6}% 56
\BOOKMARK [1][-]{section.7}{\376\377\000C\000o\000n\000t\000r\000o\000l\000\040\000P\000h\000i\000l\000o\000s\000o\000p\000h\000y\000\040\000a\000n\000d\000\040\000S\000a\000f\000e\000t\000y}{}% 57
\BOOKMARK [2][-]{subsection.7.1}{\376\377\000C\000o\000n\000t\000r\000o\000l\000\040\000P\000h\000i\000l\000o\000s\000o\000p\000h\000y\000\040\000O\000v\000e\000r\000v\000i\000e\000w}{section.7}% 58
\BOOKMARK [2][-]{subsection.7.2}{\376\377\000P\000r\000i\000m\000a\000r\000y\000\040\000C\000o\000n\000t\000r\000o\000l\000\040\000L\000o\000o\000p\000s}{section.7}% 59
\BOOKMARK [3][-]{subsubsection.7.2.1}{\376\377\000p\000H\000\040\000C\000o\000n\000t\000r\000o\000l\000\040\000f\000o\000r\000\040\000S\000C\000T\000\040\000O\000p\000e\000r\000a\000t\000i\000o\000n}{subsection.7.2}% 60
\BOOKMARK [3][-]{subsubsection.7.2.2}{\376\377\000L\000e\000v\000e\000l\000\040\000C\000o\000n\000t\000r\000o\000l\000\040\000a\000n\000d\000\040\000B\000l\000o\000w\000d\000o\000w\000n\000\040\000S\000t\000r\000a\000t\000e\000g\000y}{subsection.7.2}% 61
\BOOKMARK [2][-]{subsection.7.3}{\376\377\000C\000r\000i\000t\000i\000c\000a\000l\000\040\000S\000a\000f\000e\000t\000y\000\040\000I\000n\000t\000e\000r\000l\000o\000c\000k\000s}{section.7}% 62
\BOOKMARK [3][-]{subsubsection.7.3.1}{\376\377\000I\000n\000t\000e\000r\000l\000o\000c\000k\000\040\0001\000:\000\040\000H\0002\000S\000\040\000B\000r\000e\000a\000k\000t\000h\000r\000o\000u\000g\000h}{subsection.7.3}% 63
\BOOKMARK [3][-]{subsubsection.7.3.2}{\376\377\000I\000n\000t\000e\000r\000l\000o\000c\000k\000\040\0002\000:\000\040\000L\000o\000w\000\040\000C\000a\000u\000s\000t\000i\000c\000\040\000I\000n\000v\000e\000n\000t\000o\000r\000y}{subsection.7.3}% 64
\BOOKMARK [2][-]{subsection.7.4}{\376\377\000I\000n\000s\000t\000r\000u\000m\000e\000n\000t\000a\000t\000i\000o\000n\000\040\000R\000e\000q\000u\000i\000r\000e\000m\000e\000n\000t\000s}{section.7}% 65
\BOOKMARK [2][-]{subsection.7.5}{\376\377\000S\000a\000f\000e\000t\000y\000\040\000C\000o\000n\000s\000i\000d\000e\000r\000a\000t\000i\000o\000n\000s}{section.7}% 66
\BOOKMARK [2][-]{subsection.7.6}{\376\377\000H\000A\000Z\000O\000P\000\040\000S\000c\000o\000p\000e}{section.7}% 67
\BOOKMARK [1][-]{section.8}{\376\377\000C\000o\000n\000c\000l\000u\000s\000i\000o\000n\000s\000\040\000a\000n\000d\000\040\000R\000e\000c\000o\000m\000m\000e\000n\000d\000a\000t\000i\000o\000n\000s}{}% 68
\BOOKMARK [2][-]{subsection.8.1}{\376\377\000S\000u\000m\000m\000a\000r\000y\000\040\000o\000f\000\040\000F\000i\000n\000d\000i\000n\000g\000s}{section.8}% 69
\BOOKMARK [2][-]{subsection.8.2}{\376\377\000T\000e\000c\000h\000n\000o\000l\000o\000g\000y\000\040\000R\000e\000c\000o\000m\000m\000e\000n\000d\000a\000t\000i\000o\000n}{section.8}% 70
\BOOKMARK [2][-]{subsection.8.3}{\376\377\000K\000e\000y\000\040\000T\000r\000a\000d\000e\000-\000o\000f\000f\000s}{section.8}% 71
\BOOKMARK [2][-]{subsection.8.4}{\376\377\000D\000a\000t\000a\000\040\000G\000a\000p\000s\000\040\000R\000e\000q\000u\000i\000r\000i\000n\000g\000\040\000R\000e\000s\000o\000l\000u\000t\000i\000o\000n}{section.8}% 72
\BOOKMARK [2][-]{subsection.8.5}{\376\377\000R\000e\000c\000o\000m\000m\000e\000n\000d\000e\000d\000\040\000N\000e\000x\000t\000\040\000S\000t\000e\000p\000s}{section.8}% 73
\BOOKMARK [2][-]{subsection.8.6}{\376\377\000C\000o\000n\000c\000l\000u\000d\000i\000n\000g\000\040\000S\000t\000a\000t\000e\000m\000e\000n\000t}{section.8}% 74
\BOOKMARK [1][-]{section*.32}{\376\377\000L\000i\000s\000t\000\040\000o\000f\000\040\000S\000y\000m\000b\000o\000l\000s}{}% 75
\BOOKMARK [1][-]{section*.32}{\376\377\000R\000e\000f\000e\000r\000e\000n\000c\000e\000s}{}% 76
